# JRE version: Java(TM) SE Runtime Environment (8.0_40-b25) (build 1.8.0_40-b25)
# Java VM: Java HotSpot(TM) 64-Bit Server VM (25.40-b25 mixed mode windows-amd64 compressed oops)
Heap:
 PSYoungGen      total 288256K, used 217553K [0x00000000eab00000, 0x00000000ffa80000, 0x0000000100000000)
  eden space 253952K, 85% used [0x00000000eab00000,0x00000000f7f745e8,0x00000000fa300000)
  from space 34304K, 0% used [0x00000000fc800000,0x00000000fc800000,0x00000000fe980000)
  to   space 37888K, 0% used [0x00000000fa300000,0x00000000fa300000,0x00000000fc800000)
 ParOldGen       total 154624K, used 48751K [0x00000000c0000000, 0x00000000c9700000, 0x00000000eab00000)
  object space 154624K, 31% used [0x00000000c0000000,0x00000000c2f9bc70,0x00000000c9700000)
 Metaspace       used 65356K, capacity 66750K, committed 66816K, reserved 1107968K
  class space    used 8389K, capacity 8895K, committed 8960K, reserved 1048576K
GC Heap History (10 events):
Event: 6.849 GC heap before
{Heap before GC invocations=9 (full 2):
 PSYoungGen      total 161792K, used 148480K [0x00000000eab00000, 0x00000000f8280000, 0x0000000100000000)
  eden space 148480K, 100% used [0x00000000eab00000,0x00000000f3c00000,0x00000000f3c00000)
  from space 13312K, 0% used [0x00000000f4a80000,0x00000000f4a80000,0x00000000f5780000)
  to   space 14848K, 0% used [0x00000000f3c00000,0x00000000f3c00000,0x00000000f4a80000)
 ParOldGen       total 97792K, used 20158K [0x00000000c0000000, 0x00000000c5f80000, 0x00000000eab00000)
  object space 97792K, 20% used [0x00000000c0000000,0x00000000c13afbd8,0x00000000c5f80000)
 Metaspace       used 44274K, capacity 45178K, committed 45312K, reserved 1087488K
  class space    used 6141K, capacity 6376K, committed 6400K, reserved 1048576K
Event: 6.868 GC heap after
Heap after GC invocations=9 (full 2):
 PSYoungGen      total 163328K, used 14835K [0x00000000eab00000, 0x00000000fa080000, 0x0000000100000000)
  eden space 148480K, 0% used [0x00000000eab00000,0x00000000eab00000,0x00000000f3c00000)
  from space 14848K, 99% used [0x00000000f3c00000,0x00000000f4a7cdb8,0x00000000f4a80000)
  to   space 17408K, 0% used [0x00000000f8f80000,0x00000000f8f80000,0x00000000fa080000)
 ParOldGen       total 97792K, used 20885K [0x00000000c0000000, 0x00000000c5f80000, 0x00000000eab00000)
  object space 97792K, 21% used [0x00000000c0000000,0x00000000c1465408,0x00000000c5f80000)
 Metaspace       used 44274K, capacity 45178K, committed 45312K, reserved 1087488K
  class space    used 6141K, capacity 6376K, committed 6400K, reserved 1048576K
}
Event: 8.771 GC heap before
{Heap before GC invocations=10 (full 2):
 PSYoungGen      total 163328K, used 163315K [0x00000000eab00000, 0x00000000fa080000, 0x0000000100000000)
  eden space 148480K, 100% used [0x00000000eab00000,0x00000000f3c00000,0x00000000f3c00000)
  from space 14848K, 99% used [0x00000000f3c00000,0x00000000f4a7cdb8,0x00000000f4a80000)
  to   space 17408K, 0% used [0x00000000f8f80000,0x00000000f8f80000,0x00000000fa080000)
 ParOldGen       total 97792K, used 20885K [0x00000000c0000000, 0x00000000c5f80000, 0x00000000eab00000)
  object space 97792K, 21% used [0x00000000c0000000,0x00000000c1465408,0x00000000c5f80000)
 Metaspace       used 49666K, capacity 50816K, committed 51072K, reserved 1093632K
  class space    used 6870K, capacity 7279K, committed 7296K, reserved 1048576K
Event: 8.808 GC heap after
Heap after GC invocations=10 (full 2):
 PSYoungGen      total 225792K, used 17388K [0x00000000eab00000, 0x00000000fac80000, 0x0000000100000000)
  eden space 208384K, 0% used [0x00000000eab00000,0x00000000eab00000,0x00000000f7680000)
  from space 17408K, 99% used [0x00000000f8f80000,0x00000000fa07b1b0,0x00000000fa080000)
  to   space 25600K, 0% used [0x00000000f7680000,0x00000000f7680000,0x00000000f8f80000)
 ParOldGen       total 97792K, used 34044K [0x00000000c0000000, 0x00000000c5f80000, 0x00000000eab00000)
  object space 97792K, 34% used [0x00000000c0000000,0x00000000c213f2c0,0x00000000c5f80000)
 Metaspace       used 49666K, capacity 50816K, committed 51072K, reserved 1093632K
  class space    used 6870K, capacity 7279K, committed 7296K, reserved 1048576K
}
Event: 12.696 GC heap before
{Heap before GC invocations=11 (full 2):
 PSYoungGen      total 225792K, used 225772K [0x00000000eab00000, 0x00000000fac80000, 0x0000000100000000)
  eden space 208384K, 100% used [0x00000000eab00000,0x00000000f7680000,0x00000000f7680000)
  from space 17408K, 99% used [0x00000000f8f80000,0x00000000fa07b1b0,0x00000000fa080000)
  to   space 25600K, 0% used [0x00000000f7680000,0x00000000f7680000,0x00000000f8f80000)
 ParOldGen       total 97792K, used 34044K [0x00000000c0000000, 0x00000000c5f80000, 0x00000000eab00000)
  object space 97792K, 34% used [0x00000000c0000000,0x00000000c213f2c0,0x00000000c5f80000)
 Metaspace       used 56847K, capacity 58032K, committed 58368K, reserved 1099776K
  class space    used 7676K, capacity 8085K, committed 8192K, reserved 1048576K
Event: 12.740 GC heap after
Heap after GC invocations=11 (full 2):
 PSYoungGen      total 233984K, used 25575K [0x00000000eab00000, 0x00000000fe980000, 0x0000000100000000)
  eden space 208384K, 0% used [0x00000000eab00000,0x00000000eab00000,0x00000000f7680000)
  from space 25600K, 99% used [0x00000000f7680000,0x00000000f8f79da8,0x00000000f8f80000)
  to   space 34304K, 0% used [0x00000000fc800000,0x00000000fc800000,0x00000000fe980000)
 ParOldGen       total 97792K, used 45931K [0x00000000c0000000, 0x00000000c5f80000, 0x00000000eab00000)
  object space 97792K, 46% used [0x00000000c0000000,0x00000000c2cdaf50,0x00000000c5f80000)
 Metaspace       used 56847K, capacity 58032K, committed 58368K, reserved 1099776K
  class space    used 7676K, capacity 8085K, committed 8192K, reserved 1048576K
}
Event: 13.104 GC heap before
{Heap before GC invocations=12 (full 2):
 PSYoungGen      total 233984K, used 59777K [0x00000000eab00000, 0x00000000fe980000, 0x0000000100000000)
  eden space 208384K, 16% used [0x00000000eab00000,0x00000000ecc666c0,0x00000000f7680000)
  from space 25600K, 99% used [0x00000000f7680000,0x00000000f8f79da8,0x00000000f8f80000)
  to   space 34304K, 0% used [0x00000000fc800000,0x00000000fc800000,0x00000000fe980000)
 ParOldGen       total 97792K, used 45931K [0x00000000c0000000, 0x00000000c5f80000, 0x00000000eab00000)
  object space 97792K, 46% used [0x00000000c0000000,0x00000000c2cdaf50,0x00000000c5f80000)
 Metaspace       used 57720K, capacity 58894K, committed 59096K, reserved 1099776K
  class space    used 7753K, capacity 8203K, committed 8320K, reserved 1048576K
Event: 13.131 GC heap after
Heap after GC invocations=12 (full 2):
 PSYoungGen      total 288256K, used 29934K [0x00000000eab00000, 0x00000000ffa80000, 0x0000000100000000)
  eden space 253952K, 0% used [0x00000000eab00000,0x00000000eab00000,0x00000000fa300000)
  from space 34304K, 87% used [0x00000000fc800000,0x00000000fe53b8b0,0x00000000fe980000)
  to   space 37888K, 0% used [0x00000000fa300000,0x00000000fa300000,0x00000000fc800000)
 ParOldGen       total 97792K, used 45939K [0x00000000c0000000, 0x00000000c5f80000, 0x00000000eab00000)
  object space 97792K, 46% used [0x00000000c0000000,0x00000000c2cdcf50,0x00000000c5f80000)
 Metaspace       used 57720K, capacity 58894K, committed 59096K, reserved 1099776K
  class space    used 7753K, capacity 8203K, committed 8320K, reserved 1048576K
}
Event: 13.131 GC heap before
{Heap before GC invocations=13 (full 3):
 PSYoungGen      total 288256K, used 29934K [0x00000000eab00000, 0x00000000ffa80000, 0x0000000100000000)
  eden space 253952K, 0% used [0x00000000eab00000,0x00000000eab00000,0x00000000fa300000)
  from space 34304K, 87% used [0x00000000fc800000,0x00000000fe53b8b0,0x00000000fe980000)
  to   space 37888K, 0% used [0x00000000fa300000,0x00000000fa300000,0x00000000fc800000)
 ParOldGen       total 97792K, used 45939K [0x00000000c0000000, 0x00000000c5f80000, 0x00000000eab00000)
  object space 97792K, 46% used [0x00000000c0000000,0x00000000c2cdcf50,0x00000000c5f80000)
 Metaspace       used 57720K, capacity 58894K, committed 59096K, reserved 1099776K
  class space    used 7753K, capacity 8203K, committed 8320K, reserved 1048576K
Event: 13.410 GC heap after
Heap after GC invocations=13 (full 3):
 PSYoungGen      total 288256K, used 0K [0x00000000eab00000, 0x00000000ffa80000, 0x0000000100000000)
  eden space 253952K, 0% used [0x00000000eab00000,0x00000000eab00000,0x00000000fa300000)
  from space 34304K, 0% used [0x00000000fc800000,0x00000000fc800000,0x00000000fe980000)
  to   space 37888K, 0% used [0x00000000fa300000,0x00000000fa300000,0x00000000fc800000)
 ParOldGen       total 154624K, used 48751K [0x00000000c0000000, 0x00000000c9700000, 0x00000000eab00000)
  object space 154624K, 31% used [0x00000000c0000000,0x00000000c2f9bc70,0x00000000c9700000)
 Metaspace       used 57720K, capacity 58894K, committed 59096K, reserved 1099776K
  class space    used 7753K, capacity 8203K, committed 8320K, reserved 1048576K
}

